c:\users\quynh\documents\visual studio 2015\projects\cudasimulationff\cudasimulationff\x64\debug\vc140.pdb
c:\users\quynh\documents\visual studio 2015\projects\cudasimulationff\cudasimulationff\x64\debug\utils.obj
c:\users\quynh\documents\visual studio 2015\projects\cudasimulationff\cudasimulationff\x64\debug\source.obj
c:\users\quynh\documents\visual studio 2015\projects\cudasimulationff\cudasimulationff\x64\debug\forestfire.obj
c:\users\quynh\documents\visual studio 2015\projects\cudasimulationff\cudasimulationff\x64\debug\exception.obj
c:\users\quynh\documents\visual studio 2015\projects\cudasimulationff\cudasimulationff\x64\debug\dynamicprocess.obj
c:\users\quynh\documents\visual studio 2015\projects\cudasimulationff\cudasimulationff\x64\debug\directedgraph.obj
c:\users\quynh\documents\visual studio 2015\projects\cudasimulationff\cudasimulationff\x64\debug\.netframework,version=v4.5.2.assemblyattributes.obj
c:\users\quynh\documents\visual studio 2015\projects\cudasimulationff\cudasimulationff\x64\debug\.netframework,version=v4.5.2.assemblyattributes.asm
c:\users\quynh\documents\visual studio 2015\projects\cudasimulationff\cudasimulationff\x64\debug\cudasimulationff.vcxprojresolveassemblyreference.cache
c:\users\quynh\documents\visual studio 2015\projects\cudasimulationff\cudasimulationff\x64\debug\cuex.cu.cache
c:\users\quynh\documents\visual studio 2015\projects\cudasimulationff\cudasimulationff\x64\debug\cuex.cu.obj
c:\users\quynh\documents\visual studio 2015\projects\cudasimulationff\x64\debug\cudasimulationff.pdb
c:\users\quynh\documents\visual studio 2015\projects\cudasimulationff\cudasimulationff\x64\debug\cudasimulationff.tlog\cl.command.1.tlog
c:\users\quynh\documents\visual studio 2015\projects\cudasimulationff\cudasimulationff\x64\debug\cudasimulationff.tlog\cl.read.1.tlog
c:\users\quynh\documents\visual studio 2015\projects\cudasimulationff\cudasimulationff\x64\debug\cudasimulationff.tlog\cl.write.1.tlog
c:\users\quynh\documents\visual studio 2015\projects\cudasimulationff\cudasimulationff\x64\debug\cudasimulationff.tlog\link.11996.6076-cvtres.read.1.tlog
c:\users\quynh\documents\visual studio 2015\projects\cudasimulationff\cudasimulationff\x64\debug\cudasimulationff.tlog\link.11996.6076-cvtres.write.1.tlog
c:\users\quynh\documents\visual studio 2015\projects\cudasimulationff\cudasimulationff\x64\debug\cudasimulationff.tlog\link.11996.6076-rc.read.1.tlog
c:\users\quynh\documents\visual studio 2015\projects\cudasimulationff\cudasimulationff\x64\debug\cudasimulationff.tlog\link.11996.6076-rc.write.1.tlog
c:\users\quynh\documents\visual studio 2015\projects\cudasimulationff\cudasimulationff\x64\debug\cudasimulationff.tlog\link.11996.6076.read.1.tlog
c:\users\quynh\documents\visual studio 2015\projects\cudasimulationff\cudasimulationff\x64\debug\cudasimulationff.tlog\link.11996.6076.write.1.tlog
c:\users\quynh\documents\visual studio 2015\projects\cudasimulationff\cudasimulationff\x64\debug\cudasimulationff.tlog\link.11996.read.1.tlog
c:\users\quynh\documents\visual studio 2015\projects\cudasimulationff\cudasimulationff\x64\debug\cudasimulationff.tlog\link.11996.write.1.tlog
c:\users\quynh\documents\visual studio 2015\projects\cudasimulationff\cudasimulationff\x64\debug\cudasimulationff.tlog\link.command.1.tlog
c:\users\quynh\documents\visual studio 2015\projects\cudasimulationff\cudasimulationff\x64\debug\cudasimulationff.tlog\link.read.1.tlog
c:\users\quynh\documents\visual studio 2015\projects\cudasimulationff\cudasimulationff\x64\debug\cudasimulationff.tlog\link.write.1.tlog
c:\users\quynh\documents\visual studio 2015\projects\cudasimulationff\cudasimulationff\x64\debug\cudasimulationff.tlog\metagen.read.1.tlog
c:\users\quynh\documents\visual studio 2015\projects\cudasimulationff\cudasimulationff\x64\debug\cudasimulationff.tlog\metagen.write.1.tlog
c:\users\quynh\documents\visual studio 2015\projects\cudasimulationff\cudasimulationff\x64\debug\cudasimulationff.tlog\tzres.dll.bi
