  
  C:\Users\Quynh\Documents\Visual Studio 2015\Projects\CudaSimulationFFf\CudaSimulationFF>"C:\Program Files\NVIDIA GPU Computing Toolkit\CUDA\v8.0\bin\nvcc.exe" -ccbin "C:\Program Files (x86)\Microsoft Visual Studio 14.0\VC\bin\x86_amd64"  -I"C:\Program Files\NVIDIA GPU Computing Toolkit\CUDA\v8.0\include" -I"C:\Program Files\NVIDIA GPU Computing Toolkit\CUDA\v8.0\include"  -G   --keep-dir x64\Debug -maxrregcount=0  --machine 64 --compile   -g   -D_DEBUG -D_UNICODE -DUNICODE -Xcompiler "/EHsc /W3 /nologo /Od /FS /Zi  /MDd " -o x64\Debug\cuEx.cu.obj "C:\Users\Quynh\Documents\Visual Studio 2015\Projects\CudaSimulationFFf\CudaSimulationFF\cuEx.cu" -clean 
CUDACOMPILE : nvcc warning : The 'compute_20', 'sm_20', and 'sm_21' architectures are deprecated, and may be removed in a future release (Use -Wno-deprecated-gpu-targets to suppress warning).
  cuEx.cu
  Compiling CUDA source file cuEx.cu...
  
  C:\Users\Quynh\Documents\Visual Studio 2015\Projects\CudaSimulationFFf\CudaSimulationFF>"C:\Program Files\NVIDIA GPU Computing Toolkit\CUDA\v8.0\bin\nvcc.exe" -gencode=arch=compute_20,code=\"sm_20,compute_20\" --use-local-env --cl-version 2015 -ccbin "C:\Program Files (x86)\Microsoft Visual Studio 14.0\VC\bin\x86_amd64"  -I"C:\Program Files\NVIDIA GPU Computing Toolkit\CUDA\v8.0\include" -I"C:\Program Files\NVIDIA GPU Computing Toolkit\CUDA\v8.0\include"  -G   --keep-dir x64\Debug -maxrregcount=0  --machine 64 --compile -cudart static  -g   -D_DEBUG -D_UNICODE -DUNICODE -Xcompiler "/EHsc /W3 /nologo /Od /FS /Zi  /MDd " -o x64\Debug\cuEx.cu.obj "C:\Users\Quynh\Documents\Visual Studio 2015\Projects\CudaSimulationFFf\CudaSimulationFF\cuEx.cu" 
CUDACOMPILE : nvcc warning : The 'compute_20', 'sm_20', and 'sm_21' architectures are deprecated, and may be removed in a future release (Use -Wno-deprecated-gpu-targets to suppress warning).
  cuEx.cu
C:/Users/Quynh/Documents/Visual Studio 2015/Projects/CudaSimulationFFf/CudaSimulationFF/cuEx.cu(313): warning C4244: 'argument': conversion from 'time_t' to 'unsigned int', possible loss of data
  directedgraph.cpp
directedgraph.cpp(44): warning C4267: 'initializing': conversion from 'size_t' to 'int', possible loss of data
  dynamicprocess.cpp
  exception.cpp
  forestfire.cpp
forestfire.cpp(75): warning C4244: 'initializing': conversion from 'int' to 'float', possible loss of data
  Source.cpp
  utils.cpp
  Generating Code...
  .NETFramework,Version=v4.5.2.AssemblyAttributes.cpp
  directedgraph.obj : /DEBUG:FASTLINK is not supported when managed code is present; restarting link with /DEBUG:FULL
  CudaSimulationFF.vcxproj -> C:\Users\Quynh\Documents\Visual Studio 2015\Projects\CudaSimulationFFf\x64\Debug\CudaSimulationFF.exe
  CudaSimulationFF.vcxproj -> C:\Users\Quynh\Documents\Visual Studio 2015\Projects\CudaSimulationFFf\x64\Debug\CudaSimulationFF.pdb (Partial PDB)
